<?xml version="1.0" encoding="UTF-8"?>
<!-- Generated by org.testng.reporters.JUnitReportReporter -->
<testsuite skipped="3" hostname="LAPTOP-NGTKMAF6" name="PageObjectModel.OrangeAdmin" tests="4" failures="0" timestamp="12 Jan 2019 21:54:52 GMT" time="8.093" errors="0">
  <testcase name="negativeLogin" time="8.093" classname="PageObjectModel.OrangeAdmin"/>
  <testcase name="loginVerification" classname="PageObjectModel.OrangeAdmin">
    <skipped/>
  </testcase> <!-- loginVerification -->
  <testcase name="login" classname="PageObjectModel.OrangeAdmin">
    <skipped/>
  </testcase> <!-- login -->
  <testcase name="verifyCEO" classname="PageObjectModel.OrangeAdmin">
    <skipped/>
  </testcase> <!-- verifyCEO -->
</testsuite> <!-- PageObjectModel.OrangeAdmin -->
