<?xml version="1.0" encoding="UTF-8"?>
<!-- Generated by org.testng.reporters.JUnitReportReporter -->
<testsuite skipped="0" hostname="LAPTOP-NGTKMAF6" name="Recap.Tabs2" tests="1" failures="0" timestamp="12 Jan 2019 21:54:52 GMT" time="10.949" errors="0">
  <testcase name="multipleTabs" time="10.949" classname="Recap.Tabs2"/>
</testsuite> <!-- Recap.Tabs2 -->
