<?xml version="1.0" encoding="UTF-8"?>
<!-- Generated by org.testng.reporters.JUnitReportReporter -->
<testsuite skipped="0" hostname="LAPTOP-NGTKMAF6" name="PageObjectModel.OrangeTest" tests="1" failures="0" timestamp="12 Jan 2019 21:54:52 GMT" time="0.878" errors="0">
  <testcase name="negativeLogin" time="0.878" classname="PageObjectModel.OrangeTest"/>
</testsuite> <!-- PageObjectModel.OrangeTest -->
